================================================================================
== Profile: REAL-TIME, CPU-freq = 0.00 GHz
                                                          Calls Real-Time  Parent 
                                                                   (secs) fraction

    <zixl_543IiP35>~_zixl                                                1 32331010791.0 (100.0%)
  zixl_z57-ZAiL~_zixl                                                    1 32331010791.0         
    zixl_iSe2-4IPr155~_zixl                                              1 1830719161.0 (  5.7%)
      zixl_tP42-1eAyPIA2iPL~_zixl                                        1 943460077.0 ( 51.5%)
        zixl_tP42-ZAiL~_zixl                                             1 819148383.0 ( 86.8%)
          zixl_bgV-NIAL5eA2iPL~_zixl                                     1 113217432.0 ( 13.8%)
            zixl_V91rdrP41 [R]~_zixl                                    38 36866796.0 ( 32.6%)
            zixl_iSe2-2IAL5eA21-tePq~_zixl                               2 23624475.0 ( 20.9%)
              zixl_2IAL5eA2iLq~_zixl                                     2 23295104.0 ( 98.6%)
                zixl_2IAL5eA21-tePq~_zixl                                2 9457124.0 ( 40.6%)
                <zixl_I152>~_zixl                                          13801287.0 ( 59.2%)
              <zixl_I152>~_zixl                                             329371.0 (  1.4%)
            <zixl_I152>~_zixl                                              52726161.0 ( 46.6%)
          zixl_eiL2-4I1-1eAy-rAeeyAr8~_zixl                             11 73198051.0 (  8.9%)
            zixl_V91rdrP41 [E]~_zixl                                    10 9468372.0 ( 12.9%)
            <zixl_I152>~_zixl                                              63729679.0 ( 87.1%)
          <zixl_I152>~_zixl                                                631930947.0 ( 77.1%)
        <zixl_I152>~_zixl                                                  124311694.0 ( 13.2%)
      zixl_bgV-I152PI1-UPI8-ZA44iLq~_zixl                                1 305503085.0 ( 16.7%)
      zixl_5At1-tP42-SA2A~_zixl                                          1 23212817.0 (  1.3%)
        zixl_iSe2-5At1~_zixl                                             1 23204917.0 (100.0%)
          zixl_42-5At1~_zixl                                             2 17903216.0 ( 77.2%)
          zixl_iSe2-32q-5At1~_zixl                                       1 2429642.0 ( 10.5%)
          zixl_4rSy-5At1-iL21IZ1SiA21~_zixl                              1 1107519.0 (  4.8%)
          <zixl_I152>~_zixl                                                1764540.0 (  7.6%)
      <zixl_I152>~_zixl                                                    550517516.0 ( 30.1%)
    <zixl_I152>~_zixl                                                      30500243619.0 ( 94.3%)


================================================================================
== Profile: PEAK-MEMORY, CPU-freq = 0.00 GHz
                                                          Calls   Peak-Mb         
                                                                                  

