================================================================================
== Profile: REAL-TIME, CPU-freq = 0.00 GHz
                                                          Calls Real-Time  Parent 
                                                                   (secs) fraction

    <zixl_543IiP35>~_zixl                                                1 31190362734.0 (100.0%)
  zixl_z57-ZAiL~_zixl                                                    1 31190362734.0         
    zixl_iSe2-4IPr155~_zixl                                              1 1595561588.0 (  5.1%)
      zixl_tP42-1eAyPIA2iPL~_zixl                                        1 963771667.0 ( 60.4%)
        zixl_tP42-ZAiL~_zixl                                             1 793149802.0 ( 82.3%)
          zixl_bgV-NIAL5eA2iPL~_zixl                                     1 100237682.0 ( 12.6%)
            zixl_V91rdrP41 [R]~_zixl                                    38 34062409.0 ( 34.0%)
            zixl_iSe2-2IAL5eA21-tePq~_zixl                               2 16016815.0 ( 16.0%)
              zixl_2IAL5eA2iLq~_zixl                                     2 15774532.0 ( 98.5%)
                zixl_2IAL5eA21-tePq~_zixl                                2 7083002.0 ( 44.9%)
                <zixl_I152>~_zixl                                          8638081.0 ( 54.8%)
              <zixl_I152>~_zixl                                             242283.0 (  1.5%)
            <zixl_I152>~_zixl                                              50158458.0 ( 50.0%)
          zixl_eiL2-4I1-1eAy-rAeeyAr8~_zixl                             12 73081764.0 (  9.2%)
            zixl_V91rdrP41 [E]~_zixl                                    10 7312004.0 ( 10.0%)
            <zixl_I152>~_zixl                                              65769760.0 ( 90.0%)
          <zixl_I152>~_zixl                                                619031060.0 ( 78.0%)
        <zixl_I152>~_zixl                                                  170621865.0 ( 17.7%)
      zixl_bgV-I152PI1-UPI8-ZA44iLq~_zixl                                1 283793776.0 ( 17.8%)
      <zixl_I152>~_zixl                                                    327699188.0 ( 20.5%)
      <zixl_58i441S>~_zixl                                                 20296957.0 (  1.3%)
    <zixl_I152>~_zixl                                                      29594747923.0 ( 94.9%)


================================================================================
== Profile: PEAK-MEMORY, CPU-freq = 0.00 GHz
                                                          Calls   Peak-Mb         
                                                                                  

