# 
# Questa Static Verification System
# Version 2021.1 4558100 win64 28-Jan-2021

log created Sun Feb 23 06:02:58 2025 by dell on Salah-Eldin-LAP


# 
# Questa Static Verification System
# Version 2021.1 4558100 win64 28-Jan-2021

log created Sun Feb 23 06:02:15 2025 by dell on Salah-Eldin-LAP


Command: netlist elaborate
Command arguments:
    -zdb D:/Learning/DigitalKareem/Projects/DSP48A1/lint/qcache/DB/zdb_10
    -tool lint
    -d DSP48A1
    -L work


## Elaborating Design...
Reading MTI mapping for library mapping
Writing all MTI mappings to vmap output ...

Top level modules:
	DSP48A1

Analyzing design...
-- Loading module z0in_work.DSP48A1

Performing 103 Lint Checks
=============================

Lint Stage 1 of 5 - Pre Design Elaboration (4 checks)
------------------------------------------------------
-- Loading module z0in_work.DFF
Optimizing 6 design-units (inlining 0/10 module instances):
-- Optimizing module z0in_work.DFF(fast)
Lint Stage-1 100% complete [Total Progress -   7%]

Lint Stage 2 of 5 - Design Elaboration (66 checks)
---------------------------------------------------
-- Optimizing module z0in_work.DFF(fast__1)
Lint Stage-2  17% complete (1 out of 6 modules checked) [Total Progress -   8%]
-- Optimizing module z0in_work.DFF(fast__2)
Lint Stage-2  33% complete (2 out of 6 modules checked) [Total Progress -  11%]
-- Optimizing module z0in_work.DFF(fast__3)
Lint Stage-2  50% complete (3 out of 6 modules checked) [Total Progress -  14%]
-- Optimizing module z0in_work.DFF(fast__4)
Lint Stage-2  67% complete (4 out of 6 modules checked) [Total Progress -  17%]
-- Optimizing module z0in_work.DSP48A1(fast)
Info    : Unnamed block inside generate statement.  File 'D:/Learning/DigitalKareem/Projects/DSP48A1/DSP48A1.v', Line 303.  [parser-235]
        : Assigning implicit names to these blocks but simulation with checkers might fail.
Info    : Unnamed block inside generate statement.  File 'D:/Learning/DigitalKareem/Projects/DSP48A1/DSP48A1.v', Line 299.  [parser-235]
        : Assigning implicit names to these blocks but simulation with checkers might fail.
Info    : Unnamed block inside generate statement.  File 'D:/Learning/DigitalKareem/Projects/DSP48A1/DSP48A1.v', Line 283.  [parser-235]
        : Assigning implicit names to these blocks but simulation with checkers might fail.
Info    : Unnamed block inside generate statement.  File 'D:/Learning/DigitalKareem/Projects/DSP48A1/DSP48A1.v', Line 279.  [parser-235]
        : Assigning implicit names to these blocks but simulation with checkers might fail.
Info    : Unnamed block inside generate statement.  File 'D:/Learning/DigitalKareem/Projects/DSP48A1/DSP48A1.v', Line 264.  [parser-235]
        : Assigning implicit names to these blocks but simulation with checkers might fail.
Info    : Unnamed block inside generate statement.  File 'D:/Learning/DigitalKareem/Projects/DSP48A1/DSP48A1.v', Line 260.  [parser-235]
        : Assigning implicit names to these blocks but simulation with checkers might fail.
Info    : Unnamed block inside generate statement.  File 'D:/Learning/DigitalKareem/Projects/DSP48A1/DSP48A1.v', Line 246.  [parser-235]
        : Assigning implicit names to these blocks but simulation with checkers might fail.
Info    : Unnamed block inside generate statement.  File 'D:/Learning/DigitalKareem/Projects/DSP48A1/DSP48A1.v', Line 234.  [parser-235]
        : Assigning implicit names to these blocks but simulation with checkers might fail.
Info    : Unnamed block inside generate statement.  File 'D:/Learning/DigitalKareem/Projects/DSP48A1/DSP48A1.v', Line 226.  [parser-235]
        : Assigning implicit names to these blocks but simulation with checkers might fail.
Lint Stage-2  83% complete (5 out of 6 modules checked) [Total Progress -  20%]
Optimized design name is zi_opt_def_523162666_1
Lint Stage-2 100% complete (6 out of 6 modules checked) [Total Progress -  23%]
End of log Sun Feb 23 06:02:25 2025


# 
# Questa Static Verification System
# Version 2021.1 4558100 win64 28-Jan-2021

log created Sun Feb 23 06:02:28 2025 by dell on Salah-Eldin-LAP


Command: netlist create
Command arguments:
    -zdb D:/Learning/DigitalKareem/Projects/DSP48A1/lint/qcache/DB/zdb_10
    -tool lint
    -d DSP48A1
    -L work


## Synthesizing netlist...

Lint Stage 3 of 5 - Post Design Elaboration (17 checks)
--------------------------------------------------------
Lint Stage-3  24% complete [Total Progress -  27%]
Lint Stage-3  47% complete [Total Progress -  29%]
Lint Stage-3  71% complete [Total Progress -  32%]
Lint Stage-3  94% complete [Total Progress -  34%]
Lint Stage-3 100% complete [Total Progress -  35%]
Analyzing designs.
Elaborating module 'DFF(2)'.
Elaborating module 'DFF(4)'.
Elaborating module 'DFF(3)'.
Elaborating module 'DFF(1)'.
Elaborating module 'DFF'.
Elaborating module 'DSP48A1'.

Lint Stage 4 of 5 - Design Synthesis (1 checks)
------------------------------------------------
Lint Stage-4 100% complete [Total Progress -  75%]

Lint Stage 5 of 5 - Post Design Synthesis (15 checks)
------------------------------------------------------
Lint Stage-5  20% complete [Total Progress -  88%]
Lint Stage-5  40% complete [Total Progress -  91%]
Lint Stage-5  60% complete [Total Progress -  94%]
Lint Stage-5  80% complete [Total Progress -  97%]
Lint Stage-5 100% complete [Total Progress - 100%]

Lint Checking Completed
##Time Taken (Synthesis) = 2836.000000 ticks = 2.836000 secs

End of log Sun Feb 23 06:02:38 2025


End of log Sun Feb 23 06:02:41 2025


# 
# Questa Static Verification System
# Version 2021.1 4558100 win64 28-Jan-2021

log created Sun Feb 23 06:02:41 2025 by dell on Salah-Eldin-LAP



## Applying Lint Waivers...

Message Summary
---------------------------------------------------------------------------
Count  Type     Message ID         Summary
---------------------------------------------------------------------------
    9  Info     parser-235         Unnamed block inside generate statement.

Final Process Statistics: Max memory 276MB, CPU time 27s, Total time 28s
End of log Sun Feb 23 06:02:48 2025


Result Summary
-----------------------------------------------------------
Error (0)
-----------------------------------------------------------

-----------------------------------------------------------
Warning (0)
-----------------------------------------------------------

-----------------------------------------------------------
Info (11)
-----------------------------------------------------------
  condition_const                         :2
  parameter_name_duplicate                :1
  comment_not_in_english                  :1
  line_char_large                         :7

-----------------------------------------------------------
Resolved (0)
-----------------------------------------------------------

# Generating Debug Information...

=================================================================
To view results in batch
  D:/Learning/DigitalKareem/Projects/DSP48A1/lint/lint.rpt

To view results in GUI (Beta Version) 
  qverify D:/Learning/DigitalKareem/Projects/DSP48A1/lint/lint.db
=================================================================
