QuestaSim-64 vlog 2021.1 Compiler 2021.01 Jan 19 2021
Start time: 20:57:15 on Feb 24,2025
vlog D:/Learning/DigitalKareem/Projects/DSP48A1/DFF.v D:/Learning/DigitalKareem/Projects/DSP48A1/DSP48A1.v D:/Learning/DigitalKareem/Projects/DSP48A1/DSP48A1_tb.v -work work 
-- Compiling module DFF
-- Compiling module DSP48A1
-- Compiling module DSP48A1_tb

Top level modules:
	DSP48A1_tb
End time: 20:57:15 on Feb 24,2025, Elapsed time: 0:00:00
Errors: 0, Warnings: 0
log created Mon Feb 24 20:57:16 2025 by dell on Salah-Eldin-LAP


Command: netlist elaborate
Command arguments:
    -zdb D:/Learning/DigitalKareem/Projects/DSP48A1/lint/qcache/DB/zdb_0
    -tool lint
    -d DSP48A1
    -L work


## Elaborating Design...
Reading MTI mapping for library mapping
Writing all MTI mappings to vmap output ...

Top level modules:
	DSP48A1

Analyzing design...
-- Loading module z0in_work.DSP48A1

Performing 103 Lint Checks
=============================

Lint Stage 1 of 5 - Pre Design Elaboration (4 checks)
------------------------------------------------------
-- Loading module z0in_work.DFF
Optimizing 7 design-units (inlining 0/12 module instances):
-- Optimizing module z0in_work.DFF(fast)
Lint Stage-1 100% complete [Total Progress -   7%]

Lint Stage 2 of 5 - Design Elaboration (66 checks)
---------------------------------------------------
-- Optimizing module z0in_work.DFF(fast__1)
Lint Stage-2  14% complete (1 out of 7 modules checked) [Total Progress -   7%]
-- Optimizing module z0in_work.DFF(fast__2)
Lint Stage-2  29% complete (2 out of 7 modules checked) [Total Progress -  10%]
-- Optimizing module z0in_work.DFF(fast__3)
Lint Stage-2  43% complete (3 out of 7 modules checked) [Total Progress -  12%]
-- Optimizing module z0in_work.DFF(fast__4)
Lint Stage-2  57% complete (4 out of 7 modules checked) [Total Progress -  15%]
-- Optimizing module z0in_work.DFF(fast__5)
Lint Stage-2  71% complete (5 out of 7 modules checked) [Total Progress -  17%]
-- Optimizing module z0in_work.DSP48A1(fast)
Lint Stage-2  86% complete (6 out of 7 modules checked) [Total Progress -  20%]
Optimized design name is zi_opt_def_523162666_1
Lint Stage-2 100% complete (7 out of 7 modules checked) [Total Progress -  23%]
End of log Mon Feb 24 20:57:27 2025


log created Mon Feb 24 20:57:30 2025 by dell on Salah-Eldin-LAP


Command: netlist create
Command arguments:
    -zdb D:/Learning/DigitalKareem/Projects/DSP48A1/lint/qcache/DB/zdb_0
    -tool lint
    -d DSP48A1
    -L work


## Synthesizing netlist...

Lint Stage 3 of 5 - Post Design Elaboration (17 checks)
--------------------------------------------------------
Lint Stage-3  24% complete [Total Progress -  27%]
Lint Stage-3  47% complete [Total Progress -  29%]
Lint Stage-3  71% complete [Total Progress -  32%]
Lint Stage-3  94% complete [Total Progress -  34%]
Lint Stage-3 100% complete [Total Progress -  35%]
Analyzing designs.
Elaborating module 'DFF'.
Elaborating module 'DFF(1)'.
Elaborating module 'DFF(2)'.
Elaborating module 'DFF(3)'.
Elaborating module 'DFF(4)'.
Elaborating module 'DFF(5)'.
Elaborating module 'DSP48A1'.

Lint Stage 4 of 5 - Design Synthesis (1 checks)
------------------------------------------------
Lint Stage-4 100% complete [Total Progress -  75%]

Lint Stage 5 of 5 - Post Design Synthesis (15 checks)
------------------------------------------------------
Lint Stage-5  20% complete [Total Progress -  88%]
Lint Stage-5  40% complete [Total Progress -  91%]
Lint Stage-5  60% complete [Total Progress -  94%]
Lint Stage-5  80% complete [Total Progress -  97%]
Lint Stage-5 100% complete [Total Progress - 100%]

Lint Checking Completed
##Time Taken (Synthesis) = 2860.000000 ticks = 2.860000 secs

End of log Mon Feb 24 20:57:43 2025


log created Mon Feb 24 20:57:46 2025 by dell on Salah-Eldin-LAP



## Applying Lint Waivers...
Final Process Statistics: Max memory 275MB, CPU time 29s, Total time 31s
End of log Mon Feb 24 20:57:53 2025


